[debug] [2024-10-01T10:06:35.409Z] ----------------------------------------------------------------------
[debug] [2024-10-01T10:06:35.411Z] Command:       C:\Program Files\nodejs\node.exe C:\Users\243981\AppData\Roaming\npm\node_modules\firebase-tools\lib\bin\firebase.js init
[debug] [2024-10-01T10:06:35.412Z] CLI Version:   13.20.2
[debug] [2024-10-01T10:06:35.412Z] Platform:      win32
[debug] [2024-10-01T10:06:35.412Z] Node Version:  v20.14.0
[debug] [2024-10-01T10:06:35.412Z] Time:          Tue Oct 01 2024 10:06:35 GMT+0000 (Greenwich Mean Time)
[debug] [2024-10-01T10:06:35.412Z] ----------------------------------------------------------------------
[debug] 
[debug] [2024-10-01T10:06:35.477Z] > command requires scopes: ["email","openid","https://www.googleapis.com/auth/cloudplatformprojects.readonly","https://www.googleapis.com/auth/firebase","https://www.googleapis.com/auth/cloud-platform"]
[debug] [2024-10-01T10:06:35.478Z] > authorizing via signed-in user (kojokewajunior123@gmail.com)
[info] 
     ######## #### ########  ######## ########     ###     ######  ########
     ##        ##  ##     ## ##       ##     ##  ##   ##  ##       ##
     ######    ##  ########  ######   ########  #########  ######  ######
     ##        ##  ##    ##  ##       ##     ## ##     ##       ## ##
     ##       #### ##     ## ######## ########  ##     ##  ######  ########

You're about to initialize a Firebase project in this directory:

  C:\Users\243981\Desktop\kewablay\Amalitech\labs\blog-hub

Before we get started, keep in mind:

  * You are initializing within an existing Firebase project directory

[info] 
=== Project Setup
[info] 
[info] First, let's associate this project directory with a Firebase project.
[info] You can create multiple project aliases by running firebase use --add, 
[info] but for now we'll just set up a default project.
[info] 
[debug] [2024-10-01T10:06:45.724Z] Using project from CLI flag: blog-hub-c67cf
[debug] [2024-10-01T10:06:45.725Z] Checked if tokens are valid: true, expires at: 1727779968651
[debug] [2024-10-01T10:06:45.725Z] Checked if tokens are valid: true, expires at: 1727779968651
[debug] [2024-10-01T10:06:45.726Z] >>> [apiv2][query] GET https://firebase.googleapis.com/v1beta1/projects/blog-hub-c67cf [none]
[debug] [2024-10-01T10:06:46.687Z] <<< [apiv2][status] GET https://firebase.googleapis.com/v1beta1/projects/blog-hub-c67cf 200
[debug] [2024-10-01T10:06:46.687Z] <<< [apiv2][body] GET https://firebase.googleapis.com/v1beta1/projects/blog-hub-c67cf {"projectId":"blog-hub-c67cf","projectNumber":"85948031090","displayName":"Blog hub","name":"projects/blog-hub-c67cf","resources":{"hostingSite":"blog-hub-c67cf"},"state":"ACTIVE","etag":"1_498861db-d40b-4bc9-8c57-da83f0764b31"}
[info] i  Using project blog-hub-c67cf (Blog hub) 
[info] 
=== Firestore Setup
[debug] [2024-10-01T10:06:46.721Z] Checked if tokens are valid: true, expires at: 1727779968651
[debug] [2024-10-01T10:06:46.721Z] Checked if tokens are valid: true, expires at: 1727779968651
[debug] [2024-10-01T10:06:46.722Z] >>> [apiv2][query] GET https://serviceusage.googleapis.com/v1/projects/blog-hub-c67cf/services/firestore.googleapis.com [none]
[debug] [2024-10-01T10:06:46.722Z] >>> [apiv2][(partial)header] GET https://serviceusage.googleapis.com/v1/projects/blog-hub-c67cf/services/firestore.googleapis.com x-goog-quota-user=projects/blog-hub-c67cf
[debug] [2024-10-01T10:06:48.345Z] <<< [apiv2][status] GET https://serviceusage.googleapis.com/v1/projects/blog-hub-c67cf/services/firestore.googleapis.com 200
[debug] [2024-10-01T10:06:48.345Z] <<< [apiv2][body] GET https://serviceusage.googleapis.com/v1/projects/blog-hub-c67cf/services/firestore.googleapis.com [omitted]
[debug] [2024-10-01T10:06:48.345Z] Checked if tokens are valid: true, expires at: 1727779968651
[debug] [2024-10-01T10:06:48.346Z] Checked if tokens are valid: true, expires at: 1727779968651
[debug] [2024-10-01T10:06:48.346Z] >>> [apiv2][query] GET https://firestore.googleapis.com/v1/projects/blog-hub-c67cf/databases/(default) [none]
[debug] [2024-10-01T10:06:49.758Z] <<< [apiv2][status] GET https://firestore.googleapis.com/v1/projects/blog-hub-c67cf/databases/(default) 200
[debug] [2024-10-01T10:06:49.759Z] <<< [apiv2][body] GET https://firestore.googleapis.com/v1/projects/blog-hub-c67cf/databases/(default) {"name":"projects/blog-hub-c67cf/databases/(default)","uid":"8906f0dd-dcba-4432-a7c3-809d8baab035","createTime":"2024-10-01T09:51:03.183347Z","updateTime":"2024-10-01T09:51:03.183347Z","locationId":"nam5","type":"FIRESTORE_NATIVE","concurrencyMode":"PESSIMISTIC","versionRetentionPeriod":"3600s","earliestVersionTime":"2024-10-01T09:51:03.183347Z","appEngineIntegrationMode":"DISABLED","keyPrefix":"s","pointInTimeRecoveryEnablement":"POINT_IN_TIME_RECOVERY_DISABLED","deleteProtectionState":"DELETE_PROTECTION_DISABLED","etag":"IMffitf37IgDMKb574z17IgD"}
[debug] [2024-10-01T10:06:49.759Z] database_type: FIRESTORE_NATIVE
[debug] [2024-10-01T10:06:49.759Z] database_type: FIRESTORE_NATIVE
[debug] [2024-10-01T10:06:49.760Z] > command requires scopes: ["email","openid","https://www.googleapis.com/auth/cloudplatformprojects.readonly","https://www.googleapis.com/auth/firebase","https://www.googleapis.com/auth/cloud-platform"]
[debug] [2024-10-01T10:06:49.761Z] > authorizing via signed-in user (kojokewajunior123@gmail.com)
[debug] [2024-10-01T10:06:49.761Z] [iam] checking project blog-hub-c67cf for permissions ["firebase.projects.get"]
[debug] [2024-10-01T10:06:49.762Z] Checked if tokens are valid: true, expires at: 1727779968651
[debug] [2024-10-01T10:06:49.763Z] Checked if tokens are valid: true, expires at: 1727779968651
[debug] [2024-10-01T10:06:49.763Z] >>> [apiv2][query] POST https://cloudresourcemanager.googleapis.com/v1/projects/blog-hub-c67cf:testIamPermissions [none]
[debug] [2024-10-01T10:06:49.763Z] >>> [apiv2][(partial)header] POST https://cloudresourcemanager.googleapis.com/v1/projects/blog-hub-c67cf:testIamPermissions x-goog-quota-user=projects/blog-hub-c67cf
[debug] [2024-10-01T10:06:49.764Z] >>> [apiv2][body] POST https://cloudresourcemanager.googleapis.com/v1/projects/blog-hub-c67cf:testIamPermissions {"permissions":["firebase.projects.get"]}
[debug] [2024-10-01T10:06:53.902Z] <<< [apiv2][status] POST https://cloudresourcemanager.googleapis.com/v1/projects/blog-hub-c67cf:testIamPermissions 200
[debug] [2024-10-01T10:06:53.903Z] <<< [apiv2][body] POST https://cloudresourcemanager.googleapis.com/v1/projects/blog-hub-c67cf:testIamPermissions {"permissions":["firebase.projects.get"]}
[info] 
[info] Firestore Security Rules allow you to define how and when to allow
[info] requests. You can keep these rules in your project directory
[info] and publish them with firebase deploy.
[info] 
[info] 
[info] Firestore indexes allow you to perform complex queries while
[info] maintaining performance that scales with the size of the result
[info] set. You can keep index definitions in your project directory
[info] and publish them with firebase deploy.
[info] 
[info] 
=== Hosting Setup
[debug] [2024-10-01T10:07:02.893Z] Checked if tokens are valid: true, expires at: 1727779968651
[debug] [2024-10-01T10:07:02.893Z] Checked if tokens are valid: true, expires at: 1727779968651
[debug] [2024-10-01T10:07:02.894Z] >>> [apiv2][query] GET https://firebase.googleapis.com/v1beta1/projects/blog-hub-c67cf [none]
[debug] [2024-10-01T10:07:03.773Z] <<< [apiv2][status] GET https://firebase.googleapis.com/v1beta1/projects/blog-hub-c67cf 200
[debug] [2024-10-01T10:07:03.773Z] <<< [apiv2][body] GET https://firebase.googleapis.com/v1beta1/projects/blog-hub-c67cf {"projectId":"blog-hub-c67cf","projectNumber":"85948031090","displayName":"Blog hub","name":"projects/blog-hub-c67cf","resources":{"hostingSite":"blog-hub-c67cf"},"state":"ACTIVE","etag":"1_498861db-d40b-4bc9-8c57-da83f0764b31"}
[info] 
[info] Your public directory is the folder (relative to your project directory) that
[info] will contain Hosting assets to be uploaded with firebase deploy. If you
[info] have a build process for your assets, use your build's output directory.
[info] 
[debug] [2024-10-01T10:07:14.237Z] >>> [apiv2][query] GET https://www.gstatic.com/firebasejs/releases.json [none]
[debug] [2024-10-01T10:07:14.648Z] <<< [apiv2][status] GET https://www.gstatic.com/firebasejs/releases.json 200
[debug] [2024-10-01T10:07:14.649Z] <<< [apiv2][body] GET https://www.gstatic.com/firebasejs/releases.json {"current":{"version":"10.14.0","browserURL":"https://www.gstatic.com/firebasejs/10.14.0/firebase.js","packageURL":"https://www.gstatic.com/firebasejs/10.14.0/firebase.tgz"},"live":{"version":"10.14","browserURL":"https://www.gstatic.com/firebasejs/live/10.14/firebase.js","packageURL":"https://www.gstatic.com/firebasejs/live/10.14/firebase.tgz"},"components":{"analytics":"https://www.gstatic.com/firebasejs/10.14.0/firebase-analytics.js","app":"https://www.gstatic.com/firebasejs/10.14.0/firebase-app.js","app-check":"https://www.gstatic.com/firebasejs/10.14.0/firebase-app-check.js","auth":"https://www.gstatic.com/firebasejs/10.14.0/firebase-auth.js","auth/cordova":"https://www.gstatic.com/firebasejs/10.14.0/firebase-auth/cordova.js","auth/web-extension":"https://www.gstatic.com/firebasejs/10.14.0/firebase-auth/web-extension.js","functions":"https://www.gstatic.com/firebasejs/10.14.0/firebase-functions.js","firestore":"https://www.gstatic.com/firebasejs/10.14.0/firebase-firestore.js","firestore/lite":"https://www.gstatic.com/firebasejs/10.14.0/firebase-firestore/lite.js","installations":"https://www.gstatic.com/firebasejs/10.14.0/firebase-installations.js","storage":"https://www.gstatic.com/firebasejs/10.14.0/firebase-storage.js","performance":"https://www.gstatic.com/firebasejs/10.14.0/firebase-performance.js","remote-config":"https://www.gstatic.com/firebasejs/10.14.0/firebase-remote-config.js","messaging":"https://www.gstatic.com/firebasejs/10.14.0/firebase-messaging.js","messaging/sw":"https://www.gstatic.com/firebasejs/10.14.0/firebase-messaging/sw.js","database":"https://www.gstatic.com/firebasejs/10.14.0/firebase-database.js","data-connect":"https://www.gstatic.com/firebasejs/10.14.0/firebase-data-connect.js","vertexai-preview":"https://www.gstatic.com/firebasejs/10.14.0/firebase-vertexai-preview.js","firestore.memory":"https://www.gstatic.com/firebasejs/10.14.0/firebase-firestore.memory.js"}}
[info] +  Wrote dist/index.html 
[info] 
[info] i  Detected a .git folder at C:\Users\243981\Desktop\kewablay\Amalitech\labs\blog-hub 
[info] i  Authorizing with GitHub to upload your service account to a GitHub repository's secrets store. 
[info] 
[info] Visit this URL on this device to log in:
[info] https://github.com/login/oauth/authorize?client_id=89cf50f02ac6aaed3484&state=143068361&redirect_uri=http%3A%2F%2Flocalhost%3A9005&scope=read%3Auser%20repo%20public_repo
[info] 
[info] Waiting for authentication...
[debug] [2024-10-01T10:07:19.163Z] >>> [apiv2][query] POST https://github.com/login/oauth/access_token [none]
[debug] [2024-10-01T10:07:19.163Z] >>> [apiv2][body] POST https://github.com/login/oauth/access_token [stream]
[debug] [2024-10-01T10:07:19.903Z] <<< [apiv2][status] POST https://github.com/login/oauth/access_token 200
[debug] [2024-10-01T10:07:19.903Z] <<< [apiv2][body] POST https://github.com/login/oauth/access_token {"access_token":"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","token_type":"bearer","scope":"read:user,repo"}
[debug] [2024-10-01T10:07:19.904Z] >>> [apiv2][query] GET https://api.github.com/user [none]
[debug] [2024-10-01T10:07:20.622Z] <<< [apiv2][status] GET https://api.github.com/user 200
[debug] [2024-10-01T10:07:20.623Z] <<< [apiv2][body] GET https://api.github.com/user {"login":"kewablay","id":87356028,"node_id":"MDQ6VXNlcjg3MzU2MDI4","avatar_url":"https://avatars.githubusercontent.com/u/87356028?v=4","gravatar_id":"","url":"https://api.github.com/users/kewablay","html_url":"https://github.com/kewablay","followers_url":"https://api.github.com/users/kewablay/followers","following_url":"https://api.github.com/users/kewablay/following{/other_user}","gists_url":"https://api.github.com/users/kewablay/gists{/gist_id}","starred_url":"https://api.github.com/users/kewablay/starred{/owner}{/repo}","subscriptions_url":"https://api.github.com/users/kewablay/subscriptions","organizations_url":"https://api.github.com/users/kewablay/orgs","repos_url":"https://api.github.com/users/kewablay/repos","events_url":"https://api.github.com/users/kewablay/events{/privacy}","received_events_url":"https://api.github.com/users/kewablay/received_events","type":"User","site_admin":false,"name":"Kewa Blay","company":null,"blog":"","location":null,"email":null,"hireable":true,"bio":null,"twitter_username":null,"notification_email":null,"public_repos":70,"public_gists":0,"followers":21,"following":20,"created_at":"2021-07-13T05:57:00Z","updated_at":"2024-10-01T09:59:14Z","private_gists":0,"total_private_repos":7,"owned_private_repos":5,"disk_usage":236362,"collaborators":2,"two_factor_authentication":false,"plan":{"name":"free","space":976562499,"collaborators":0,"private_repos":10000}}
[info] 
[info] +  Success! Logged into GitHub as kewablay 
[info] 
